<?xml version="1.0" encoding="UTF-8"?>
<!-- Generated by org.testng.reporters.JUnitReportReporter -->
<testsuite skipped="0" hostname="LAPTOP-91J108P6" name="com.ultimaqa.courses.testsuite.HomePageTest" tests="1" failures="0" timestamp="2022-12-13T21:11:27 GMT" time="23.049" errors="0">
  <testcase name="userShouldNavigateToLoginPageSuccessfully" time="23.049" classname="com.ultimaqa.courses.testsuite.HomePageTest"/>
  <system-out>
    <![CDATA[Click On SignInLink:[[ChromeDriver: chrome on WINDOWS (19a7bbeb5af971b930e42d8f1368ea90)] -> xpath: //a[contains(text(),'Sign In')]]
Verify Text Message: [[ChromeDriver: chrome on WINDOWS (19a7bbeb5af971b930e42d8f1368ea90)] -> xpath: //h2[contains(text(),'Welcome Back!')]]]]>
  </system-out>
</testsuite> <!-- com.ultimaqa.courses.testsuite.HomePageTest -->
