<?xml version="1.0" encoding="UTF-8"?>
<!-- Generated by org.testng.reporters.JUnitReportReporter -->
<testsuite skipped="0" hostname="LAPTOP-91J108P6" name="com.ultimaqa.courses.testsuite.LoginPageTest" tests="1" failures="0" timestamp="2022-12-13T21:11:27 GMT" time="16.721" errors="0">
  <testcase name="verifyTheErrorMessage" time="16.721" classname="com.ultimaqa.courses.testsuite.LoginPageTest"/>
  <system-out>
    <![CDATA[Click On SignInLink:[[ChromeDriver: chrome on WINDOWS (ece1b423f6e1f4d87564dc13820e1512)] -> xpath: //a[contains(text(),'Sign In')]]]]>
  </system-out>
</testsuite> <!-- com.ultimaqa.courses.testsuite.LoginPageTest -->
